2020-10-23 09:33:18,207 INFO com.rvbb.b2b.rsocket.server.RSocketServerApplication [main] Starting RSocketServerApplication on hoangnv2 with PID 11420 (Z:\code\mine\rsocket-server\build\classes\java\main started by Hoang N.V in Z:\code\mine\rsocket-server)
2020-10-23 09:33:18,212 DEBUG com.rvbb.b2b.rsocket.server.RSocketServerApplication [main] Running with Spring Boot v2.2.4.RELEASE, Spring v5.2.3.RELEASE
2020-10-23 09:33:18,212 INFO com.rvbb.b2b.rsocket.server.RSocketServerApplication [main] No active profile set, falling back to default profiles: default
2020-10-23 09:33:22,524 INFO com.rvbb.b2b.rsocket.server.RSocketServerApplication [main] Started RSocketServerApplication in 4.535 seconds (JVM running for 4.945)
2020-10-23 14:16:08,569 INFO com.rvbb.b2b.rsocket.server.RSocketServerApplication [main] Starting RSocketServerApplication on hoangnv2 with PID 14216 (Z:\code\mine\rsocket-server\build\classes\java\main started by Hoang N.V in Z:\code\mine\rsocket-server)
2020-10-23 14:16:08,575 DEBUG com.rvbb.b2b.rsocket.server.RSocketServerApplication [main] Running with Spring Boot v2.2.4.RELEASE, Spring v5.2.3.RELEASE
2020-10-23 14:16:08,575 INFO com.rvbb.b2b.rsocket.server.RSocketServerApplication [main] No active profile set, falling back to default profiles: default
2020-10-23 14:16:15,180 INFO com.rvbb.b2b.rsocket.server.RSocketServerApplication [main] Started RSocketServerApplication in 7.003 seconds (JVM running for 7.626)
2020-10-23 14:27:14,554 INFO com.rvbb.b2b.rsocket.server.RSocketServerApplication [main] Starting RSocketServerApplication on hoangnv2 with PID 9328 (Z:\code\mine\rsocket-server\build\classes\java\main started by Hoang N.V in Z:\code\mine\rsocket-server)
2020-10-23 14:27:14,556 DEBUG com.rvbb.b2b.rsocket.server.RSocketServerApplication [main] Running with Spring Boot v2.2.4.RELEASE, Spring v5.2.3.RELEASE
2020-10-23 14:27:14,556 INFO com.rvbb.b2b.rsocket.server.RSocketServerApplication [main] No active profile set, falling back to default profiles: default
2020-10-23 14:27:19,796 INFO com.rvbb.b2b.rsocket.server.RSocketServerApplication [main] Started RSocketServerApplication in 5.453 seconds (JVM running for 5.865)
2020-10-23 14:51:33,631 INFO com.rvbb.b2b.rsocket.server.RSocketServerApplication [main] Starting RSocketServerApplication on hoangnv2 with PID 14436 (Z:\code\mine\rsocket-server\build\classes\java\main started by Hoang N.V in Z:\code\mine\rsocket-server)
2020-10-23 14:51:33,633 DEBUG com.rvbb.b2b.rsocket.server.RSocketServerApplication [main] Running with Spring Boot v2.2.4.RELEASE, Spring v5.2.3.RELEASE
2020-10-23 14:51:33,634 INFO com.rvbb.b2b.rsocket.server.RSocketServerApplication [main] No active profile set, falling back to default profiles: default
2020-10-23 14:51:37,988 INFO com.rvbb.b2b.rsocket.server.RSocketServerApplication [main] Started RSocketServerApplication in 4.573 seconds (JVM running for 4.98)
2020-10-23 16:07:04,457 INFO com.rvbb.b2b.rsocket.server.RSocketServerApplication [main] Starting RSocketServerApplication on hoangnv2 with PID 16368 (Z:\code\mine\rsocket-server\build\classes\java\main started by Hoang N.V in Z:\code\mine\rsocket-server)
2020-10-23 16:07:04,459 DEBUG com.rvbb.b2b.rsocket.server.RSocketServerApplication [main] Running with Spring Boot v2.2.4.RELEASE, Spring v5.2.3.RELEASE
2020-10-23 16:07:04,460 INFO com.rvbb.b2b.rsocket.server.RSocketServerApplication [main] No active profile set, falling back to default profiles: default
2020-10-23 16:07:08,640 INFO com.rvbb.b2b.rsocket.server.RSocketServerApplication [main] Started RSocketServerApplication in 4.445 seconds (JVM running for 4.933)
2020-10-23 16:32:30,117 INFO com.rvbb.b2b.rsocket.server.controller.RSocketServerController [reactor-http-nio-1] createdCustomer={"phone":"12345","created":"Fri Oct 23 16:32:30 ICT 2020","name":"Mr A","id":14,"age":23}
2020-10-23 17:15:11,012 INFO com.rvbb.b2b.rsocket.server.controller.RSocketServerController [reactor-http-nio-1] createdCustomer={"phone":"12345","created":"Fri Oct 23 17:15:11 ICT 2020","name":"Mr A","id":15,"age":23}
2020-10-23 17:16:52,218 INFO com.rvbb.b2b.rsocket.server.controller.RSocketServerController [reactor-http-nio-1] createdCustomer={"phone":"12345","created":"Fri Oct 23 17:16:52 ICT 2020","name":"Mr A","id":16,"age":23}
2020-10-23 17:22:42,553 INFO com.rvbb.b2b.rsocket.server.controller.RSocketServerController [reactor-http-nio-1] createdCustomer={"phone":"12345","created":"Fri Oct 23 17:22:42 ICT 2020","name":"Mr A","id":17,"age":23}
2020-10-23 17:22:51,405 INFO com.rvbb.b2b.rsocket.server.controller.RSocketServerController [reactor-http-nio-1] createdCustomer={"phone":"12345","created":"Fri Oct 23 17:22:51 ICT 2020","name":"Mr A","id":18,"age":23}
