2020-10-19 11:13:23,055 INFO CustomerServiceTest [Test worker] Starting CustomerServiceTest on hoangnv2 with PID 8912 (started by Hoang N.V in Z:\code\mine\customer-service)
2020-10-19 11:13:23,057 DEBUG CustomerServiceTest [Test worker] Running with Spring Boot v2.2.4.RELEASE, Spring v5.2.3.RELEASE
2020-10-19 11:13:23,058 INFO CustomerServiceTest [Test worker] No active profile set, falling back to default profiles: default
2020-10-19 11:15:42,614 INFO CustomerServiceTest [Test worker] Starting CustomerServiceTest on hoangnv2 with PID 19800 (started by Hoang N.V in Z:\code\mine\customer-service)
2020-10-19 11:15:42,616 DEBUG CustomerServiceTest [Test worker] Running with Spring Boot v2.2.4.RELEASE, Spring v5.2.3.RELEASE
2020-10-19 11:15:42,617 INFO CustomerServiceTest [Test worker] No active profile set, falling back to default profiles: default
2020-10-19 11:19:28,784 INFO CustomerServiceTest [Test worker] Starting CustomerServiceTest on hoangnv2 with PID 3324 (started by Hoang N.V in Z:\code\mine\customer-service)
2020-10-19 11:19:28,786 DEBUG CustomerServiceTest [Test worker] Running with Spring Boot v2.2.4.RELEASE, Spring v5.2.3.RELEASE
2020-10-19 11:19:28,786 INFO CustomerServiceTest [Test worker] No active profile set, falling back to default profiles: default
2020-10-19 11:19:35,695 INFO CustomerServiceTest [Test worker] Started CustomerServiceTest in 7.144 seconds (JVM running for 8.348)
2020-10-19 11:21:47,946 INFO CustomerServiceTest [Test worker] Starting CustomerServiceTest on hoangnv2 with PID 16072 (started by Hoang N.V in Z:\code\mine\customer-service)
2020-10-19 11:21:47,947 DEBUG CustomerServiceTest [Test worker] Running with Spring Boot v2.2.4.RELEASE, Spring v5.2.3.RELEASE
2020-10-19 11:21:47,948 INFO CustomerServiceTest [Test worker] No active profile set, falling back to default profiles: default
2020-10-19 11:21:55,016 INFO CustomerServiceTest [Test worker] Started CustomerServiceTest in 7.3 seconds (JVM running for 8.515)
2020-10-19 11:28:08,951 INFO CustomerApplication [main] Starting CustomerApplication on hoangnv2 with PID 25288 (Z:\code\mine\customer-service\build\classes\java\main started by Hoang N.V in Z:\code\mine\customer-service)
2020-10-19 11:28:08,953 DEBUG CustomerApplication [main] Running with Spring Boot v2.2.4.RELEASE, Spring v5.2.3.RELEASE
2020-10-19 11:28:08,953 INFO CustomerApplication [main] No active profile set, falling back to default profiles: default
2020-10-19 11:28:13,480 INFO CustomerApplication [main] Started CustomerApplication in 4.755 seconds (JVM running for 5.194)
2020-10-19 11:33:29,364 INFO CustomerApplication [main] Starting CustomerApplication on hoangnv2 with PID 10368 (Z:\code\mine\customer-service\build\classes\java\main started by Hoang N.V in Z:\code\mine\customer-service)
2020-10-19 11:33:29,366 DEBUG CustomerApplication [main] Running with Spring Boot v2.2.4.RELEASE, Spring v5.2.3.RELEASE
2020-10-19 11:33:29,367 INFO CustomerApplication [main] No active profile set, falling back to default profiles: default
2020-10-19 11:33:34,070 INFO CustomerApplication [main] Started CustomerApplication in 4.93 seconds (JVM running for 5.375)
2020-10-19 11:33:58,208 INFO CustomerApplication [main] Starting CustomerApplication on hoangnv2 with PID 23120 (Z:\code\mine\customer-service\build\classes\java\main started by Hoang N.V in Z:\code\mine\customer-service)
2020-10-19 11:33:58,211 DEBUG CustomerApplication [main] Running with Spring Boot v2.2.4.RELEASE, Spring v5.2.3.RELEASE
2020-10-19 11:33:58,211 INFO CustomerApplication [main] No active profile set, falling back to default profiles: default
2020-10-19 11:34:02,786 INFO CustomerApplication [main] Started CustomerApplication in 4.801 seconds (JVM running for 5.232)
2020-10-19 11:34:26,635 INFO CustomerApplication [main] Starting CustomerApplication on hoangnv2 with PID 14020 (Z:\code\mine\customer-service\build\classes\java\main started by Hoang N.V in Z:\code\mine\customer-service)
2020-10-19 11:34:26,637 DEBUG CustomerApplication [main] Running with Spring Boot v2.2.4.RELEASE, Spring v5.2.3.RELEASE
2020-10-19 11:34:26,637 INFO CustomerApplication [main] No active profile set, falling back to default profiles: default
2020-10-19 11:37:29,846 INFO CustomerApplication [main] Starting CustomerApplication on hoangnv2 with PID 5008 (Z:\code\mine\customer-service\build\classes\java\main started by Hoang N.V in Z:\code\mine\customer-service)
2020-10-19 11:37:29,849 DEBUG CustomerApplication [main] Running with Spring Boot v2.2.4.RELEASE, Spring v5.2.3.RELEASE
2020-10-19 11:37:29,849 INFO CustomerApplication [main] No active profile set, falling back to default profiles: default
2020-10-19 11:39:03,197 INFO CustomerApplication [main] Starting CustomerApplication on hoangnv2 with PID 14864 (Z:\code\mine\customer-service\build\classes\java\main started by Hoang N.V in Z:\code\mine\customer-service)
2020-10-19 11:39:03,200 DEBUG CustomerApplication [main] Running with Spring Boot v2.2.4.RELEASE, Spring v5.2.3.RELEASE
2020-10-19 11:39:03,200 INFO CustomerApplication [main] No active profile set, falling back to default profiles: default
2020-10-19 11:39:07,976 INFO CustomerApplication [main] Started CustomerApplication in 5.016 seconds (JVM running for 5.491)
2020-10-19 11:40:06,790 INFO CustomerApplication [main] Starting CustomerApplication on hoangnv2 with PID 24572 (Z:\code\mine\customer-service\build\classes\java\main started by Hoang N.V in Z:\code\mine\customer-service)
2020-10-19 11:40:06,792 DEBUG CustomerApplication [main] Running with Spring Boot v2.2.4.RELEASE, Spring v5.2.3.RELEASE
2020-10-19 11:40:06,792 INFO CustomerApplication [main] No active profile set, falling back to default profiles: default
2020-10-19 11:41:58,164 INFO CustomerApplication [main] Starting CustomerApplication on hoangnv2 with PID 17576 (Z:\code\mine\customer-service\build\classes\java\main started by Hoang N.V in Z:\code\mine\customer-service)
2020-10-19 11:41:58,167 DEBUG CustomerApplication [main] Running with Spring Boot v2.2.4.RELEASE, Spring v5.2.3.RELEASE
2020-10-19 11:41:58,167 INFO CustomerApplication [main] No active profile set, falling back to default profiles: default
2020-10-19 11:42:02,847 INFO CustomerApplication [main] Started CustomerApplication in 4.921 seconds (JVM running for 5.369)
2020-10-19 11:42:28,582 INFO CustomerApplication [main] Starting CustomerApplication on hoangnv2 with PID 26000 (Z:\code\mine\customer-service\build\classes\java\main started by Hoang N.V in Z:\code\mine\customer-service)
2020-10-19 11:42:28,585 DEBUG CustomerApplication [main] Running with Spring Boot v2.2.4.RELEASE, Spring v5.2.3.RELEASE
2020-10-19 11:42:28,586 INFO CustomerApplication [main] No active profile set, falling back to default profiles: default
2020-10-19 11:42:33,051 INFO CustomerApplication [main] Started CustomerApplication in 4.739 seconds (JVM running for 5.259)
2020-10-19 11:42:49,557 INFO CustomerApplication [main] Starting CustomerApplication on hoangnv2 with PID 18688 (Z:\code\mine\customer-service\build\classes\java\main started by Hoang N.V in Z:\code\mine\customer-service)
2020-10-19 11:42:49,560 DEBUG CustomerApplication [main] Running with Spring Boot v2.2.4.RELEASE, Spring v5.2.3.RELEASE
2020-10-19 11:42:49,560 INFO CustomerApplication [main] No active profile set, falling back to default profiles: default
2020-10-19 11:42:54,022 INFO CustomerApplication [main] Started CustomerApplication in 4.696 seconds (JVM running for 5.148)
2020-10-19 11:43:22,122 INFO CustomerApplication [main] Starting CustomerApplication on hoangnv2 with PID 19628 (Z:\code\mine\customer-service\build\classes\java\main started by Hoang N.V in Z:\code\mine\customer-service)
2020-10-19 11:43:22,124 DEBUG CustomerApplication [main] Running with Spring Boot v2.2.4.RELEASE, Spring v5.2.3.RELEASE
2020-10-19 11:43:22,125 INFO CustomerApplication [main] No active profile set, falling back to default profiles: default
2020-10-19 13:31:07,746 INFO CustomerApplication [main] Starting CustomerApplication on hoangnv2 with PID 11384 (Z:\code\mine\customer-service\build\classes\java\main started by Hoang N.V in Z:\code\mine\customer-service)
2020-10-19 13:31:07,748 DEBUG CustomerApplication [main] Running with Spring Boot v2.2.4.RELEASE, Spring v5.2.3.RELEASE
2020-10-19 13:31:07,748 INFO CustomerApplication [main] No active profile set, falling back to default profiles: default
2020-10-19 13:31:12,312 INFO CustomerApplication [main] Started CustomerApplication in 4.797 seconds (JVM running for 5.283)
2020-10-19 14:12:37,079 INFO CustomerApplication [main] Starting CustomerApplication on hoangnv2 with PID 1800 (Z:\code\mine\customer-service\build\classes\java\main started by Hoang N.V in Z:\code\mine\customer-service)
2020-10-19 14:12:37,082 DEBUG CustomerApplication [main] Running with Spring Boot v2.2.4.RELEASE, Spring v5.2.3.RELEASE
2020-10-19 14:12:37,082 INFO CustomerApplication [main] No active profile set, falling back to default profiles: default
2020-10-19 14:17:33,954 INFO CustomerApplication [main] Starting CustomerApplication on hoangnv2 with PID 22736 (Z:\code\mine\customer-service\build\classes\java\main started by Hoang N.V in Z:\code\mine\customer-service)
2020-10-19 14:17:33,957 DEBUG CustomerApplication [main] Running with Spring Boot v2.2.4.RELEASE, Spring v5.2.3.RELEASE
2020-10-19 14:17:33,957 INFO CustomerApplication [main] No active profile set, falling back to default profiles: default
2020-10-19 14:18:22,090 INFO CustomerApplication [main] Starting CustomerApplication on hoangnv2 with PID 3380 (Z:\code\mine\customer-service\build\classes\java\main started by Hoang N.V in Z:\code\mine\customer-service)
2020-10-19 14:18:22,092 DEBUG CustomerApplication [main] Running with Spring Boot v2.2.4.RELEASE, Spring v5.2.3.RELEASE
2020-10-19 14:18:22,092 INFO CustomerApplication [main] No active profile set, falling back to default profiles: default
2020-10-19 14:19:13,622 INFO CustomerApplication [main] Starting CustomerApplication on hoangnv2 with PID 24792 (Z:\code\mine\customer-service\build\classes\java\main started by Hoang N.V in Z:\code\mine\customer-service)
2020-10-19 14:19:13,624 DEBUG CustomerApplication [main] Running with Spring Boot v2.2.4.RELEASE, Spring v5.2.3.RELEASE
2020-10-19 14:19:13,625 INFO CustomerApplication [main] No active profile set, falling back to default profiles: default
2020-10-19 14:19:18,092 INFO CustomerApplication [main] Started CustomerApplication in 4.709 seconds (JVM running for 5.169)
2020-10-19 14:42:53,747 INFO CustomerApplication [main] Starting CustomerApplication on hoangnv2 with PID 7248 (Z:\code\mine\customer-service\build\classes\java\main started by Hoang N.V in Z:\code\mine\customer-service)
2020-10-19 14:42:53,750 DEBUG CustomerApplication [main] Running with Spring Boot v2.2.4.RELEASE, Spring v5.2.3.RELEASE
2020-10-19 14:42:53,750 INFO CustomerApplication [main] No active profile set, falling back to default profiles: default
2020-10-19 14:42:58,138 INFO CustomerApplication [main] Started CustomerApplication in 4.62 seconds (JVM running for 5.064)
2020-10-19 14:45:07,912 INFO CustomerApplication [main] Starting CustomerApplication on hoangnv2 with PID 22740 (Z:\code\mine\customer-service\build\classes\java\main started by Hoang N.V in Z:\code\mine\customer-service)
2020-10-19 14:45:07,915 DEBUG CustomerApplication [main] Running with Spring Boot v2.2.4.RELEASE, Spring v5.2.3.RELEASE
2020-10-19 14:45:07,915 INFO CustomerApplication [main] No active profile set, falling back to default profiles: default
2020-10-19 14:45:12,300 INFO CustomerApplication [main] Started CustomerApplication in 4.613 seconds (JVM running for 5.043)
2020-10-19 14:46:30,166 INFO CustomerApplication [main] Starting CustomerApplication on hoangnv2 with PID 22348 (Z:\code\mine\customer-service\build\classes\java\main started by Hoang N.V in Z:\code\mine\customer-service)
2020-10-19 14:46:30,168 DEBUG CustomerApplication [main] Running with Spring Boot v2.2.4.RELEASE, Spring v5.2.3.RELEASE
2020-10-19 14:46:30,168 INFO CustomerApplication [main] No active profile set, falling back to default profiles: default
2020-10-19 14:46:34,561 INFO CustomerApplication [main] Started CustomerApplication in 4.619 seconds (JVM running for 5.059)
2020-10-19 14:50:58,626 INFO CustomerApplication [main] Starting CustomerApplication on hoangnv2 with PID 26060 (Z:\code\mine\customer-service\build\classes\java\main started by Hoang N.V in Z:\code\mine\customer-service)
2020-10-19 14:50:58,629 DEBUG CustomerApplication [main] Running with Spring Boot v2.2.4.RELEASE, Spring v5.2.3.RELEASE
2020-10-19 14:50:58,629 INFO CustomerApplication [main] No active profile set, falling back to default profiles: default
2020-10-19 14:51:02,959 INFO CustomerApplication [main] Started CustomerApplication in 4.555 seconds (JVM running for 4.987)
2020-10-19 14:52:25,710 INFO CustomerApplication [main] Starting CustomerApplication on hoangnv2 with PID 13092 (Z:\code\mine\customer-service\build\classes\java\main started by Hoang N.V in Z:\code\mine\customer-service)
2020-10-19 14:52:25,712 DEBUG CustomerApplication [main] Running with Spring Boot v2.2.4.RELEASE, Spring v5.2.3.RELEASE
2020-10-19 14:52:25,712 INFO CustomerApplication [main] No active profile set, falling back to default profiles: default
2020-10-19 14:52:30,069 INFO CustomerApplication [main] Started CustomerApplication in 4.582 seconds (JVM running for 5.023)
2020-10-19 14:56:44,513 INFO CustomerApplication [main] Starting CustomerApplication on hoangnv2 with PID 17928 (Z:\code\mine\customer-service\build\classes\java\main started by Hoang N.V in Z:\code\mine\customer-service)
2020-10-19 14:56:44,515 DEBUG CustomerApplication [main] Running with Spring Boot v2.2.4.RELEASE, Spring v5.2.3.RELEASE
2020-10-19 14:56:44,515 INFO CustomerApplication [main] No active profile set, falling back to default profiles: default
2020-10-19 14:56:48,867 INFO CustomerApplication [main] Started CustomerApplication in 4.584 seconds (JVM running for 5.024)
2020-10-19 14:58:18,779 INFO CustomerApplication [main] Starting CustomerApplication on hoangnv2 with PID 18788 (Z:\code\mine\customer-service\build\classes\java\main started by Hoang N.V in Z:\code\mine\customer-service)
2020-10-19 14:58:18,781 DEBUG CustomerApplication [main] Running with Spring Boot v2.2.4.RELEASE, Spring v5.2.3.RELEASE
2020-10-19 14:58:18,782 INFO CustomerApplication [main] No active profile set, falling back to default profiles: default
2020-10-19 14:58:23,150 INFO CustomerApplication [main] Started CustomerApplication in 4.596 seconds (JVM running for 5.029)
2020-10-19 15:19:37,945 INFO CustomerApplication [main] Starting CustomerApplication on hoangnv2 with PID 10436 (Z:\code\mine\customer-service\build\classes\java\main started by Hoang N.V in Z:\code\mine\customer-service)
2020-10-19 15:19:37,947 DEBUG CustomerApplication [main] Running with Spring Boot v2.2.4.RELEASE, Spring v5.2.3.RELEASE
2020-10-19 15:19:37,947 INFO CustomerApplication [main] No active profile set, falling back to default profiles: default
2020-10-19 15:19:42,229 INFO CustomerApplication [main] Started CustomerApplication in 4.508 seconds (JVM running for 4.954)
2020-10-19 15:22:40,303 INFO CustomerApplication [main] Starting CustomerApplication on hoangnv2 with PID 25128 (Z:\code\mine\customer-service\build\classes\java\main started by Hoang N.V in Z:\code\mine\customer-service)
2020-10-19 15:22:40,306 DEBUG CustomerApplication [main] Running with Spring Boot v2.2.4.RELEASE, Spring v5.2.3.RELEASE
2020-10-19 15:22:40,306 INFO CustomerApplication [main] No active profile set, falling back to default profiles: default
2020-10-19 15:22:44,714 INFO CustomerApplication [main] Started CustomerApplication in 4.638 seconds (JVM running for 5.082)
2020-10-19 15:25:59,839 INFO CustomerApplication [main] Starting CustomerApplication on hoangnv2 with PID 12048 (Z:\code\mine\customer-service\build\classes\java\main started by Hoang N.V in Z:\code\mine\customer-service)
2020-10-19 15:25:59,841 DEBUG CustomerApplication [main] Running with Spring Boot v2.2.4.RELEASE, Spring v5.2.3.RELEASE
2020-10-19 15:25:59,842 INFO CustomerApplication [main] No active profile set, falling back to default profiles: default
2020-10-19 15:26:04,250 INFO CustomerApplication [main] Started CustomerApplication in 4.64 seconds (JVM running for 5.107)
2020-10-19 15:28:33,306 INFO CustomerApplication [main] Starting CustomerApplication on hoangnv2 with PID 6372 (Z:\code\mine\customer-service\build\classes\java\main started by Hoang N.V in Z:\code\mine\customer-service)
2020-10-19 15:28:33,313 DEBUG CustomerApplication [main] Running with Spring Boot v2.2.4.RELEASE, Spring v5.2.3.RELEASE
2020-10-19 15:28:33,314 INFO CustomerApplication [main] No active profile set, falling back to default profiles: default
2020-10-19 15:29:57,688 INFO CustomerApplication [main] Starting CustomerApplication on hoangnv2 with PID 17092 (Z:\code\mine\customer-service\build\classes\java\main started by Hoang N.V in Z:\code\mine\customer-service)
2020-10-19 15:29:57,690 DEBUG CustomerApplication [main] Running with Spring Boot v2.2.4.RELEASE, Spring v5.2.3.RELEASE
2020-10-19 15:29:57,691 INFO CustomerApplication [main] No active profile set, falling back to default profiles: default
2020-10-19 15:30:57,500 INFO CustomerApplication [main] Starting CustomerApplication on hoangnv2 with PID 24560 (Z:\code\mine\customer-service\build\classes\java\main started by Hoang N.V in Z:\code\mine\customer-service)
2020-10-19 15:30:57,502 DEBUG CustomerApplication [main] Running with Spring Boot v2.2.4.RELEASE, Spring v5.2.3.RELEASE
2020-10-19 15:30:57,503 INFO CustomerApplication [main] No active profile set, falling back to default profiles: default
2020-10-19 15:31:01,632 INFO CustomerApplication [main] Started CustomerApplication in 4.363 seconds (JVM running for 4.799)
2020-10-19 15:34:03,811 INFO CustomerApplication [main] Starting CustomerApplication on hoangnv2 with PID 4700 (Z:\code\mine\customer-service\build\classes\java\main started by Hoang N.V in Z:\code\mine\customer-service)
2020-10-19 15:34:03,814 DEBUG CustomerApplication [main] Running with Spring Boot v2.2.4.RELEASE, Spring v5.2.3.RELEASE
2020-10-19 15:34:03,814 INFO CustomerApplication [main] No active profile set, falling back to default profiles: default
2020-10-19 15:34:07,945 INFO CustomerApplication [main] Started CustomerApplication in 4.365 seconds (JVM running for 4.829)
2020-10-19 15:34:38,524 INFO CustomerApplication [main] Starting CustomerApplication on hoangnv2 with PID 14476 (Z:\code\mine\customer-service\build\classes\java\main started by Hoang N.V in Z:\code\mine\customer-service)
2020-10-19 15:34:38,526 DEBUG CustomerApplication [main] Running with Spring Boot v2.2.4.RELEASE, Spring v5.2.3.RELEASE
2020-10-19 15:34:38,526 INFO CustomerApplication [main] No active profile set, falling back to default profiles: default
2020-10-19 15:34:42,625 INFO CustomerApplication [main] Started CustomerApplication in 4.327 seconds (JVM running for 4.766)
2020-10-19 15:35:13,105 INFO CustomerApplication [main] Starting CustomerApplication on hoangnv2 with PID 11864 (Z:\code\mine\customer-service\build\classes\java\main started by Hoang N.V in Z:\code\mine\customer-service)
2020-10-19 15:35:13,107 DEBUG CustomerApplication [main] Running with Spring Boot v2.2.4.RELEASE, Spring v5.2.3.RELEASE
2020-10-19 15:35:13,107 INFO CustomerApplication [main] No active profile set, falling back to default profiles: default
2020-10-19 15:35:17,430 INFO CustomerApplication [main] Started CustomerApplication in 4.56 seconds (JVM running for 5.023)
2020-10-19 15:44:20,237 INFO CustomerApplication [main] Starting CustomerApplication on hoangnv2 with PID 19212 (Z:\code\mine\customer-service\build\classes\java\main started by Hoang N.V in Z:\code\mine\customer-service)
2020-10-19 15:44:20,239 DEBUG CustomerApplication [main] Running with Spring Boot v2.2.4.RELEASE, Spring v5.2.3.RELEASE
2020-10-19 15:44:20,240 INFO CustomerApplication [main] No active profile set, falling back to default profiles: default
2020-10-19 15:44:24,483 INFO CustomerApplication [main] Started CustomerApplication in 4.496 seconds (JVM running for 5.195)
2020-10-19 15:45:22,457 INFO CustomerApplication [main] Starting CustomerApplication on hoangnv2 with PID 3908 (Z:\code\mine\customer-service\build\classes\java\main started by Hoang N.V in Z:\code\mine\customer-service)
2020-10-19 15:45:22,460 DEBUG CustomerApplication [main] Running with Spring Boot v2.2.4.RELEASE, Spring v5.2.3.RELEASE
2020-10-19 15:45:22,461 INFO CustomerApplication [main] No active profile set, falling back to default profiles: default
2020-10-19 15:45:26,633 INFO CustomerApplication [main] Started CustomerApplication in 4.418 seconds (JVM running for 5.158)
2020-10-19 16:11:01,984 INFO CustomerApplication [main] Starting CustomerApplication on hoangnv2 with PID 13960 (Z:\code\mine\customer-service\build\classes\java\main started by Hoang N.V in Z:\code\mine\customer-service)
2020-10-19 16:11:01,987 DEBUG CustomerApplication [main] Running with Spring Boot v2.2.4.RELEASE, Spring v5.2.3.RELEASE
2020-10-19 16:11:01,987 INFO CustomerApplication [main] No active profile set, falling back to default profiles: default
2020-10-19 16:11:06,126 INFO CustomerApplication [main] Started CustomerApplication in 4.375 seconds (JVM running for 5.048)
2020-10-19 16:18:10,050 INFO CustomerApplication [main] Starting CustomerApplication on hoangnv2 with PID 10916 (Z:\code\mine\customer-service\build\classes\java\main started by Hoang N.V in Z:\code\mine\customer-service)
2020-10-19 16:18:10,052 DEBUG CustomerApplication [main] Running with Spring Boot v2.2.4.RELEASE, Spring v5.2.3.RELEASE
2020-10-19 16:18:10,053 INFO CustomerApplication [main] No active profile set, falling back to default profiles: default
2020-10-19 16:18:14,249 INFO CustomerApplication [main] Started CustomerApplication in 4.429 seconds (JVM running for 5.099)
2020-10-19 16:19:51,053 INFO CustomerApplication [main] Starting CustomerApplication on hoangnv2 with PID 19236 (Z:\code\mine\customer-service\build\classes\java\main started by Hoang N.V in Z:\code\mine\customer-service)
2020-10-19 16:19:51,055 DEBUG CustomerApplication [main] Running with Spring Boot v2.2.4.RELEASE, Spring v5.2.3.RELEASE
2020-10-19 16:19:51,056 INFO CustomerApplication [main] No active profile set, falling back to default profiles: default
2020-10-19 16:19:55,175 INFO CustomerApplication [main] Started CustomerApplication in 4.362 seconds (JVM running for 5.085)
2020-10-19 16:21:21,803 INFO CustomerApplication [main] Starting CustomerApplication on hoangnv2 with PID 16404 (Z:\code\mine\customer-service\build\classes\java\main started by Hoang N.V in Z:\code\mine\customer-service)
2020-10-19 16:21:21,806 DEBUG CustomerApplication [main] Running with Spring Boot v2.2.4.RELEASE, Spring v5.2.3.RELEASE
2020-10-19 16:21:21,806 INFO CustomerApplication [main] No active profile set, falling back to default profiles: default
2020-10-19 16:21:25,939 INFO CustomerApplication [main] Started CustomerApplication in 4.368 seconds (JVM running for 5.031)
2020-10-19 16:46:08,680 INFO CustomerApplication [main] Starting CustomerApplication on hoangnv2 with PID 18176 (Z:\code\mine\customer-service\build\classes\java\main started by Hoang N.V in Z:\code\mine\customer-service)
2020-10-19 16:46:08,683 DEBUG CustomerApplication [main] Running with Spring Boot v2.2.4.RELEASE, Spring v5.2.3.RELEASE
2020-10-19 16:46:08,683 INFO CustomerApplication [main] No active profile set, falling back to default profiles: default
2020-10-19 16:47:02,473 INFO CustomerApplication [main] Starting CustomerApplication on hoangnv2 with PID 17420 (Z:\code\mine\customer-service\build\classes\java\main started by Hoang N.V in Z:\code\mine\customer-service)
2020-10-19 16:47:02,475 DEBUG CustomerApplication [main] Running with Spring Boot v2.2.4.RELEASE, Spring v5.2.3.RELEASE
2020-10-19 16:47:02,476 INFO CustomerApplication [main] No active profile set, falling back to default profiles: default
2020-10-19 16:56:41,746 INFO CustomerApplication [main] Starting CustomerApplication on hoangnv2 with PID 21804 (Z:\code\mine\customer-service\build\classes\java\main started by Hoang N.V in Z:\code\mine\customer-service)
2020-10-19 16:56:41,748 DEBUG CustomerApplication [main] Running with Spring Boot v2.2.4.RELEASE, Spring v5.2.3.RELEASE
2020-10-19 16:56:41,748 INFO CustomerApplication [main] No active profile set, falling back to default profiles: default
2020-10-19 16:59:10,631 INFO CustomerApplication [main] Starting CustomerApplication on hoangnv2 with PID 13936 (Z:\code\mine\customer-service\build\classes\java\main started by Hoang N.V in Z:\code\mine\customer-service)
2020-10-19 16:59:10,633 DEBUG CustomerApplication [main] Running with Spring Boot v2.2.4.RELEASE, Spring v5.2.3.RELEASE
2020-10-19 16:59:10,634 INFO CustomerApplication [main] No active profile set, falling back to default profiles: default
2020-10-19 16:59:15,613 INFO CustomerApplication [main] Started CustomerApplication in 5.228 seconds (JVM running for 5.714)
2020-10-19 17:07:34,358 INFO CustomerApplication [main] Starting CustomerApplication on hoangnv2 with PID 24308 (Z:\code\mine\customer-service\build\classes\java\main started by Hoang N.V in Z:\code\mine\customer-service)
2020-10-19 17:07:34,361 DEBUG CustomerApplication [main] Running with Spring Boot v2.2.4.RELEASE, Spring v5.2.3.RELEASE
2020-10-19 17:07:34,361 INFO CustomerApplication [main] No active profile set, falling back to default profiles: default
2020-10-19 17:07:40,984 INFO CustomerApplication [main] Started CustomerApplication in 6.964 seconds (JVM running for 7.657)
2020-10-19 17:08:27,736 INFO CustomerApplication [main] Starting CustomerApplication on hoangnv2 with PID 15700 (Z:\code\mine\customer-service\build\classes\java\main started by Hoang N.V in Z:\code\mine\customer-service)
2020-10-19 17:08:27,739 DEBUG CustomerApplication [main] Running with Spring Boot v2.2.4.RELEASE, Spring v5.2.3.RELEASE
2020-10-19 17:08:27,740 INFO CustomerApplication [main] No active profile set, falling back to default profiles: default
2020-10-19 17:08:55,977 INFO CustomerApplication [main] Starting CustomerApplication on hoangnv2 with PID 8956 (Z:\code\mine\customer-service\build\classes\java\main started by Hoang N.V in Z:\code\mine\customer-service)
2020-10-19 17:08:55,979 DEBUG CustomerApplication [main] Running with Spring Boot v2.2.4.RELEASE, Spring v5.2.3.RELEASE
2020-10-19 17:08:55,980 INFO CustomerApplication [main] No active profile set, falling back to default profiles: default
2020-10-19 17:08:59,658 INFO CustomerApplication [main] Started CustomerApplication in 3.908 seconds (JVM running for 4.635)
2020-10-19 17:10:09,327 INFO CustomerApplication [main] Starting CustomerApplication on hoangnv2 with PID 17200 (Z:\code\mine\customer-service\build\classes\java\main started by Hoang N.V in Z:\code\mine\customer-service)
2020-10-19 17:10:09,329 DEBUG CustomerApplication [main] Running with Spring Boot v2.2.4.RELEASE, Spring v5.2.3.RELEASE
2020-10-19 17:10:09,330 INFO CustomerApplication [main] No active profile set, falling back to default profiles: default
2020-10-19 17:10:12,963 INFO CustomerApplication [main] Started CustomerApplication in 3.861 seconds (JVM running for 4.559)
2020-10-19 17:11:06,182 INFO CustomerApplication [main] Starting CustomerApplication on hoangnv2 with PID 20828 (Z:\code\mine\customer-service\build\classes\java\main started by Hoang N.V in Z:\code\mine\customer-service)
2020-10-19 17:11:06,184 DEBUG CustomerApplication [main] Running with Spring Boot v2.2.4.RELEASE, Spring v5.2.3.RELEASE
2020-10-19 17:11:06,185 INFO CustomerApplication [main] No active profile set, falling back to default profiles: default
2020-10-19 17:11:09,790 INFO CustomerApplication [main] Started CustomerApplication in 3.834 seconds (JVM running for 4.537)
2020-10-19 17:12:35,041 INFO CustomerApplication [main] Starting CustomerApplication on hoangnv2 with PID 9544 (Z:\code\mine\customer-service\build\classes\java\main started by Hoang N.V in Z:\code\mine\customer-service)
2020-10-19 17:12:35,044 DEBUG CustomerApplication [main] Running with Spring Boot v2.2.4.RELEASE, Spring v5.2.3.RELEASE
2020-10-19 17:12:35,044 INFO CustomerApplication [main] No active profile set, falling back to default profiles: default
2020-10-19 17:12:38,623 INFO CustomerApplication [main] Started CustomerApplication in 3.809 seconds (JVM running for 4.51)
2020-10-19 17:14:14,396 INFO CustomerApplication [main] Starting CustomerApplication on hoangnv2 with PID 9696 (Z:\code\mine\customer-service\build\classes\java\main started by Hoang N.V in Z:\code\mine\customer-service)
2020-10-19 17:14:14,398 DEBUG CustomerApplication [main] Running with Spring Boot v2.2.4.RELEASE, Spring v5.2.3.RELEASE
2020-10-19 17:14:14,399 INFO CustomerApplication [main] No active profile set, falling back to default profiles: default
2020-10-19 17:14:17,959 INFO CustomerApplication [main] Started CustomerApplication in 3.812 seconds (JVM running for 4.516)
2020-10-19 17:15:38,660 INFO CustomerApplication [main] Starting CustomerApplication on hoangnv2 with PID 16192 (Z:\code\mine\customer-service\build\classes\java\main started by Hoang N.V in Z:\code\mine\customer-service)
2020-10-19 17:15:38,662 DEBUG CustomerApplication [main] Running with Spring Boot v2.2.4.RELEASE, Spring v5.2.3.RELEASE
2020-10-19 17:15:38,662 INFO CustomerApplication [main] No active profile set, falling back to default profiles: default
2020-10-19 17:15:42,408 INFO CustomerApplication [main] Started CustomerApplication in 3.986 seconds (JVM running for 4.662)
2020-10-19 17:23:48,343 INFO CustomerApplication [main] Starting CustomerApplication on hoangnv2 with PID 13092 (Z:\code\mine\customer-service\build\classes\java\main started by Hoang N.V in Z:\code\mine\customer-service)
2020-10-19 17:23:48,345 DEBUG CustomerApplication [main] Running with Spring Boot v2.2.4.RELEASE, Spring v5.2.3.RELEASE
2020-10-19 17:23:48,346 INFO CustomerApplication [main] No active profile set, falling back to default profiles: default
2020-10-19 17:23:52,016 INFO CustomerApplication [main] Started CustomerApplication in 3.899 seconds (JVM running for 4.576)
2020-10-19 17:29:32,247 INFO CustomerApplication [main] Starting CustomerApplication on hoangnv2 with PID 6816 (Z:\code\mine\customer-service\build\classes\java\main started by Hoang N.V in Z:\code\mine\customer-service)
2020-10-19 17:29:32,250 DEBUG CustomerApplication [main] Running with Spring Boot v2.2.4.RELEASE, Spring v5.2.3.RELEASE
2020-10-19 17:29:32,250 INFO CustomerApplication [main] No active profile set, falling back to default profiles: default
2020-10-19 17:29:35,883 INFO CustomerApplication [main] Started CustomerApplication in 3.863 seconds (JVM running for 4.542)
2020-10-19 17:30:01,844 INFO CustomerApplication [main] Starting CustomerApplication on hoangnv2 with PID 20384 (Z:\code\mine\customer-service\build\classes\java\main started by Hoang N.V in Z:\code\mine\customer-service)
2020-10-19 17:30:01,847 DEBUG CustomerApplication [main] Running with Spring Boot v2.2.4.RELEASE, Spring v5.2.3.RELEASE
2020-10-19 17:30:01,847 INFO CustomerApplication [main] No active profile set, falling back to default profiles: default
2020-10-19 17:30:05,838 INFO CustomerApplication [main] Started CustomerApplication in 4.214 seconds (JVM running for 4.644)
2020-10-19 17:43:33,643 INFO CustomerServiceTest [Test worker] Starting CustomerServiceTest on hoangnv2 with PID 7272 (started by Hoang N.V in Z:\code\mine\customer-service)
2020-10-19 17:43:33,644 DEBUG CustomerServiceTest [Test worker] Running with Spring Boot v2.2.4.RELEASE, Spring v5.2.3.RELEASE
2020-10-19 17:43:33,645 INFO CustomerServiceTest [Test worker] No active profile set, falling back to default profiles: default
2020-10-19 17:43:38,983 INFO CustomerServiceTest [Test worker] Started CustomerServiceTest in 5.608 seconds (JVM running for 6.83)
2020-10-19 17:44:08,179 INFO CustomerApplication [main] Starting CustomerApplication on hoangnv2 with PID 13288 (Z:\code\mine\customer-service\build\classes\java\main started by Hoang N.V in Z:\code\mine\customer-service)
2020-10-19 17:44:08,182 DEBUG CustomerApplication [main] Running with Spring Boot v2.2.4.RELEASE, Spring v5.2.3.RELEASE
2020-10-19 17:44:08,182 INFO CustomerApplication [main] No active profile set, falling back to default profiles: default
2020-10-19 17:44:11,834 INFO CustomerApplication [main] Started CustomerApplication in 3.877 seconds (JVM running for 4.304)
2020-10-19 17:45:55,012 INFO CustomerApplication [main] Starting CustomerApplication on hoangnv2 with PID 25752 (Z:\code\mine\customer-service\build\classes\java\main started by Hoang N.V in Z:\code\mine\customer-service)
2020-10-19 17:45:55,014 DEBUG CustomerApplication [main] Running with Spring Boot v2.2.4.RELEASE, Spring v5.2.3.RELEASE
2020-10-19 17:45:55,014 INFO CustomerApplication [main] No active profile set, falling back to default profiles: default
2020-10-19 17:45:58,786 INFO CustomerApplication [main] Started CustomerApplication in 3.994 seconds (JVM running for 4.414)
2020-10-19 17:47:18,631 INFO CustomerApplication [main] Starting CustomerApplication on hoangnv2 with PID 9564 (Z:\code\mine\customer-service\build\classes\java\main started by Hoang N.V in Z:\code\mine\customer-service)
2020-10-19 17:47:18,633 DEBUG CustomerApplication [main] Running with Spring Boot v2.2.4.RELEASE, Spring v5.2.3.RELEASE
2020-10-19 17:47:18,633 INFO CustomerApplication [main] No active profile set, falling back to default profiles: default
2020-10-19 17:47:22,270 INFO CustomerApplication [main] Started CustomerApplication in 3.86 seconds (JVM running for 4.281)
2020-10-19 17:48:38,072 INFO CustomerApplication [main] Starting CustomerApplication on hoangnv2 with PID 19252 (Z:\code\mine\customer-service\build\classes\java\main started by Hoang N.V in Z:\code\mine\customer-service)
2020-10-19 17:48:38,074 DEBUG CustomerApplication [main] Running with Spring Boot v2.2.4.RELEASE, Spring v5.2.3.RELEASE
2020-10-19 17:48:38,075 INFO CustomerApplication [main] No active profile set, falling back to default profiles: default
2020-10-19 17:48:41,717 INFO CustomerApplication [main] Started CustomerApplication in 3.866 seconds (JVM running for 4.29)
2020-10-19 17:49:29,093 INFO CustomerApplication [main] Starting CustomerApplication on hoangnv2 with PID 23764 (Z:\code\mine\customer-service\build\classes\java\main started by Hoang N.V in Z:\code\mine\customer-service)
2020-10-19 17:49:29,095 DEBUG CustomerApplication [main] Running with Spring Boot v2.2.4.RELEASE, Spring v5.2.3.RELEASE
2020-10-19 17:49:29,096 INFO CustomerApplication [main] No active profile set, falling back to default profiles: default
2020-10-19 17:49:32,723 INFO CustomerApplication [main] Started CustomerApplication in 3.85 seconds (JVM running for 4.271)
2020-10-19 17:50:33,959 INFO CustomerApplication [main] Starting CustomerApplication on hoangnv2 with PID 15164 (Z:\code\mine\customer-service\build\classes\java\main started by Hoang N.V in Z:\code\mine\customer-service)
2020-10-19 17:50:33,962 DEBUG CustomerApplication [main] Running with Spring Boot v2.2.4.RELEASE, Spring v5.2.3.RELEASE
2020-10-19 17:50:33,962 INFO CustomerApplication [main] No active profile set, falling back to default profiles: default
2020-10-19 17:50:37,586 INFO CustomerApplication [main] Started CustomerApplication in 3.849 seconds (JVM running for 4.273)
2020-10-19 17:51:12,906 INFO CustomerServiceTest [Test worker] Starting CustomerServiceTest on hoangnv2 with PID 7356 (started by Hoang N.V in Z:\code\mine\customer-service)
2020-10-19 17:51:12,907 DEBUG CustomerServiceTest [Test worker] Running with Spring Boot v2.2.4.RELEASE, Spring v5.2.3.RELEASE
2020-10-19 17:51:12,908 INFO CustomerServiceTest [Test worker] No active profile set, falling back to default profiles: default
2020-10-19 17:51:18,292 INFO CustomerServiceTest [Test worker] Started CustomerServiceTest in 5.615 seconds (JVM running for 6.928)
2020-10-19 17:51:25,229 INFO CustomerApplication [main] Starting CustomerApplication on hoangnv2 with PID 26584 (Z:\code\mine\customer-service\build\classes\java\main started by Hoang N.V in Z:\code\mine\customer-service)
2020-10-19 17:51:25,232 DEBUG CustomerApplication [main] Running with Spring Boot v2.2.4.RELEASE, Spring v5.2.3.RELEASE
2020-10-19 17:51:25,232 INFO CustomerApplication [main] No active profile set, falling back to default profiles: default
2020-10-19 17:51:28,850 INFO CustomerApplication [main] Started CustomerApplication in 3.842 seconds (JVM running for 4.261)
2020-10-19 17:52:31,458 INFO CustomerApplication [main] Starting CustomerApplication on hoangnv2 with PID 16112 (Z:\code\mine\customer-service\build\classes\java\main started by Hoang N.V in Z:\code\mine\customer-service)
2020-10-19 17:52:31,461 DEBUG CustomerApplication [main] Running with Spring Boot v2.2.4.RELEASE, Spring v5.2.3.RELEASE
2020-10-19 17:52:31,461 INFO CustomerApplication [main] No active profile set, falling back to default profiles: default
2020-10-19 17:52:35,080 INFO CustomerApplication [main] Started CustomerApplication in 3.847 seconds (JVM running for 4.276)
2020-10-19 17:54:12,319 INFO CustomerApplication [main] Starting CustomerApplication on hoangnv2 with PID 19436 (Z:\code\mine\customer-service\build\classes\java\main started by Hoang N.V in Z:\code\mine\customer-service)
2020-10-19 17:54:12,322 DEBUG CustomerApplication [main] Running with Spring Boot v2.2.4.RELEASE, Spring v5.2.3.RELEASE
2020-10-19 17:54:12,322 INFO CustomerApplication [main] No active profile set, falling back to default profiles: default
2020-10-19 17:54:16,104 INFO CustomerApplication [main] Started CustomerApplication in 4.052 seconds (JVM running for 4.566)
2020-10-19 17:55:16,788 INFO CustomerApplication [main] Starting CustomerApplication on hoangnv2 with PID 5868 (Z:\code\mine\customer-service\build\classes\java\main started by Hoang N.V in Z:\code\mine\customer-service)
2020-10-19 17:55:16,790 DEBUG CustomerApplication [main] Running with Spring Boot v2.2.4.RELEASE, Spring v5.2.3.RELEASE
2020-10-19 17:55:16,790 INFO CustomerApplication [main] No active profile set, falling back to default profiles: default
2020-10-19 17:55:20,410 INFO CustomerApplication [main] Started CustomerApplication in 3.838 seconds (JVM running for 4.262)
2020-10-19 17:57:50,647 INFO CustomerApplication [main] Starting CustomerApplication on hoangnv2 with PID 9492 (Z:\code\mine\customer-service\build\classes\java\main started by Hoang N.V in Z:\code\mine\customer-service)
2020-10-19 17:57:50,650 DEBUG CustomerApplication [main] Running with Spring Boot v2.2.4.RELEASE, Spring v5.2.3.RELEASE
2020-10-19 17:57:50,650 INFO CustomerApplication [main] No active profile set, falling back to default profiles: default
2020-10-19 17:57:54,255 INFO CustomerApplication [main] Started CustomerApplication in 3.827 seconds (JVM running for 4.25)
2020-10-19 17:58:52,296 INFO CustomerApplication [main] Starting CustomerApplication on hoangnv2 with PID 10792 (Z:\code\mine\customer-service\build\classes\java\main started by Hoang N.V in Z:\code\mine\customer-service)
2020-10-19 17:58:52,298 DEBUG CustomerApplication [main] Running with Spring Boot v2.2.4.RELEASE, Spring v5.2.3.RELEASE
2020-10-19 17:58:52,299 INFO CustomerApplication [main] No active profile set, falling back to default profiles: default
2020-10-19 17:58:56,060 INFO CustomerApplication [main] Started CustomerApplication in 4.003 seconds (JVM running for 4.453)
2020-10-19 18:01:22,805 INFO CustomerApplication [main] Starting CustomerApplication on hoangnv2 with PID 22712 (Z:\code\mine\customer-service\build\classes\java\main started by Hoang N.V in Z:\code\mine\customer-service)
2020-10-19 18:01:22,807 DEBUG CustomerApplication [main] Running with Spring Boot v2.2.4.RELEASE, Spring v5.2.3.RELEASE
2020-10-19 18:01:22,808 INFO CustomerApplication [main] No active profile set, falling back to default profiles: default
2020-10-19 18:01:26,492 INFO CustomerApplication [main] Started CustomerApplication in 3.904 seconds (JVM running for 4.318)
2020-10-19 18:05:51,722 INFO CustomerApplication [main] Starting CustomerApplication on hoangnv2 with PID 26504 (Z:\code\mine\customer-service\build\classes\java\main started by Hoang N.V in Z:\code\mine\customer-service)
2020-10-19 18:05:51,724 DEBUG CustomerApplication [main] Running with Spring Boot v2.2.4.RELEASE, Spring v5.2.3.RELEASE
2020-10-19 18:05:51,725 INFO CustomerApplication [main] No active profile set, falling back to default profiles: default
2020-10-19 18:05:55,361 INFO CustomerApplication [main] Started CustomerApplication in 3.866 seconds (JVM running for 4.29)
2020-10-19 18:07:03,859 INFO CustomerApplication [main] Starting CustomerApplication on hoangnv2 with PID 26188 (Z:\code\mine\customer-service\build\classes\java\main started by Hoang N.V in Z:\code\mine\customer-service)
2020-10-19 18:07:03,861 DEBUG CustomerApplication [main] Running with Spring Boot v2.2.4.RELEASE, Spring v5.2.3.RELEASE
2020-10-19 18:07:03,861 INFO CustomerApplication [main] No active profile set, falling back to default profiles: default
2020-10-19 18:07:07,461 INFO CustomerApplication [main] Started CustomerApplication in 4.029 seconds (JVM running for 4.929)
2020-10-19 18:07:38,372 INFO CustomerApplication [main] Starting CustomerApplication on hoangnv2 with PID 25872 (Z:\code\mine\customer-service\build\classes\java\main started by Hoang N.V in Z:\code\mine\customer-service)
2020-10-19 18:07:38,375 DEBUG CustomerApplication [main] Running with Spring Boot v2.2.4.RELEASE, Spring v5.2.3.RELEASE
2020-10-19 18:07:38,375 INFO CustomerApplication [main] No active profile set, falling back to default profiles: default
2020-10-19 18:07:42,022 INFO CustomerApplication [main] Started CustomerApplication in 3.886 seconds (JVM running for 4.556)
2020-10-19 18:11:04,517 INFO CustomerApplication [main] Starting CustomerApplication on hoangnv2 with PID 17272 (Z:\code\mine\customer-service\build\classes\java\main started by Hoang N.V in Z:\code\mine\customer-service)
2020-10-19 18:11:04,520 DEBUG CustomerApplication [main] Running with Spring Boot v2.2.4.RELEASE, Spring v5.2.3.RELEASE
2020-10-19 18:11:04,520 INFO CustomerApplication [main] No active profile set, falling back to default profiles: default
2020-10-19 18:11:08,661 INFO CustomerApplication [main] Started CustomerApplication in 4.516 seconds (JVM running for 5.367)
2020-10-19 18:13:46,967 INFO CustomerApplication [main] Starting CustomerApplication on hoangnv2 with PID 2716 (Z:\code\mine\customer-service\build\classes\java\main started by Hoang N.V in Z:\code\mine\customer-service)
2020-10-19 18:13:46,970 DEBUG CustomerApplication [main] Running with Spring Boot v2.2.4.RELEASE, Spring v5.2.3.RELEASE
2020-10-19 18:13:46,970 INFO CustomerApplication [main] No active profile set, falling back to default profiles: default
2020-10-19 18:13:50,524 INFO CustomerApplication [main] Started CustomerApplication in 3.786 seconds (JVM running for 4.487)
2020-10-19 18:14:56,516 INFO CustomerApplication [main] Starting CustomerApplication on hoangnv2 with PID 13684 (Z:\code\mine\customer-service\build\classes\java\main started by Hoang N.V in Z:\code\mine\customer-service)
2020-10-19 18:14:56,519 DEBUG CustomerApplication [main] Running with Spring Boot v2.2.4.RELEASE, Spring v5.2.3.RELEASE
2020-10-19 18:14:56,519 INFO CustomerApplication [main] No active profile set, falling back to default profiles: default
2020-10-19 18:15:00,492 INFO CustomerApplication [main] Started CustomerApplication in 4.212 seconds (JVM running for 4.946)
2020-10-19 18:20:51,005 INFO CustomerApplication [main] Starting CustomerApplication on hoangnv2 with PID 16720 (Z:\code\mine\customer-service\build\classes\java\main started by Hoang N.V in Z:\code\mine\customer-service)
2020-10-19 18:20:51,008 DEBUG CustomerApplication [main] Running with Spring Boot v2.2.4.RELEASE, Spring v5.2.3.RELEASE
2020-10-19 18:20:51,008 INFO CustomerApplication [main] No active profile set, falling back to default profiles: default
2020-10-19 18:20:54,625 INFO CustomerApplication [main] Started CustomerApplication in 3.847 seconds (JVM running for 4.506)
2020-10-19 18:27:33,571 INFO CustomerApplication [main] Starting CustomerApplication on hoangnv2 with PID 7312 (Z:\code\mine\customer-service\build\classes\java\main started by Hoang N.V in Z:\code\mine\customer-service)
2020-10-19 18:27:33,573 DEBUG CustomerApplication [main] Running with Spring Boot v2.2.4.RELEASE, Spring v5.2.3.RELEASE
2020-10-19 18:27:33,574 INFO CustomerApplication [main] No active profile set, falling back to default profiles: default
2020-10-19 18:27:37,067 INFO CustomerApplication [main] Started CustomerApplication in 3.719 seconds (JVM running for 4.367)
2020-10-19 18:30:03,494 INFO CustomerServiceTest [Test worker] Starting CustomerServiceTest on hoangnv2 with PID 6840 (started by Hoang N.V in Z:\code\mine\customer-service)
2020-10-19 18:30:03,495 DEBUG CustomerServiceTest [Test worker] Running with Spring Boot v2.2.4.RELEASE, Spring v5.2.3.RELEASE
2020-10-19 18:30:03,496 INFO CustomerServiceTest [Test worker] No active profile set, falling back to default profiles: default
2020-10-19 18:30:09,041 INFO CustomerServiceTest [Test worker] Started CustomerServiceTest in 5.812 seconds (JVM running for 7.013)
2020-10-19 18:31:30,947 INFO CustomerApplication [main] Starting CustomerApplication on hoangnv2 with PID 1580 (Z:\code\mine\customer-service\build\classes\java\main started by Hoang N.V in Z:\code\mine\customer-service)
2020-10-19 18:31:30,950 DEBUG CustomerApplication [main] Running with Spring Boot v2.2.4.RELEASE, Spring v5.2.3.RELEASE
2020-10-19 18:31:30,950 INFO CustomerApplication [main] No active profile set, falling back to default profiles: default
2020-10-19 18:31:34,641 INFO CustomerApplication [main] Started CustomerApplication in 3.913 seconds (JVM running for 4.352)
2020-10-19 18:34:31,356 INFO CustomerApplication [main] Starting CustomerApplication on hoangnv2 with PID 8408 (Z:\code\mine\customer-service\build\classes\java\main started by Hoang N.V in Z:\code\mine\customer-service)
2020-10-19 18:34:31,358 DEBUG CustomerApplication [main] Running with Spring Boot v2.2.4.RELEASE, Spring v5.2.3.RELEASE
2020-10-19 18:34:31,358 INFO CustomerApplication [main] No active profile set, falling back to default profiles: default
2020-10-19 18:34:34,968 INFO CustomerApplication [main] Started CustomerApplication in 3.841 seconds (JVM running for 4.269)
2020-10-19 18:35:50,850 INFO CustomerApplication [main] Starting CustomerApplication on hoangnv2 with PID 7760 (Z:\code\mine\customer-service\build\classes\java\main started by Hoang N.V in Z:\code\mine\customer-service)
2020-10-19 18:35:50,852 DEBUG CustomerApplication [main] Running with Spring Boot v2.2.4.RELEASE, Spring v5.2.3.RELEASE
2020-10-19 18:35:50,852 INFO CustomerApplication [main] No active profile set, falling back to default profiles: default
2020-10-19 18:35:54,963 INFO CustomerApplication [main] Started CustomerApplication in 4.338 seconds (JVM running for 4.765)
2020-10-19 18:38:07,614 INFO CustomerApplication [main] Starting CustomerApplication on hoangnv2 with PID 17220 (Z:\code\mine\customer-service\build\classes\java\main started by Hoang N.V in Z:\code\mine\customer-service)
2020-10-19 18:38:07,616 DEBUG CustomerApplication [main] Running with Spring Boot v2.2.4.RELEASE, Spring v5.2.3.RELEASE
2020-10-19 18:38:07,616 INFO CustomerApplication [main] No active profile set, falling back to default profiles: default
2020-10-19 18:38:11,794 INFO CustomerApplication [main] Started CustomerApplication in 4.409 seconds (JVM running for 4.851)
2020-10-19 18:41:00,306 INFO CustomerServiceTest [Test worker] Starting CustomerServiceTest on hoangnv2 with PID 14520 (started by Hoang N.V in Z:\code\mine\customer-service)
2020-10-19 18:41:00,307 DEBUG CustomerServiceTest [Test worker] Running with Spring Boot v2.2.4.RELEASE, Spring v5.2.3.RELEASE
2020-10-19 18:41:00,307 INFO CustomerServiceTest [Test worker] No active profile set, falling back to default profiles: default
2020-10-19 18:41:06,878 INFO CustomerServiceTest [Test worker] Started CustomerServiceTest in 6.805 seconds (JVM running for 8.045)
2020-10-19 18:42:07,524 INFO CustomerServiceTest [Test worker] Starting CustomerServiceTest on hoangnv2 with PID 4608 (started by Hoang N.V in Z:\code\mine\customer-service)
2020-10-19 18:42:07,525 DEBUG CustomerServiceTest [Test worker] Running with Spring Boot v2.2.4.RELEASE, Spring v5.2.3.RELEASE
2020-10-19 18:42:07,526 INFO CustomerServiceTest [Test worker] No active profile set, falling back to default profiles: default
2020-10-19 18:42:15,286 INFO CustomerServiceTest [Test worker] Started CustomerServiceTest in 8.165 seconds (JVM running for 9.526)
2020-10-19 18:43:56,610 INFO CustomerServiceTest [Test worker] Starting CustomerServiceTest on hoangnv2 with PID 4124 (started by Hoang N.V in Z:\code\mine\customer-service)
2020-10-19 18:43:56,610 DEBUG CustomerServiceTest [Test worker] Running with Spring Boot v2.2.4.RELEASE, Spring v5.2.3.RELEASE
2020-10-19 18:43:56,611 INFO CustomerServiceTest [Test worker] No active profile set, falling back to default profiles: default
2020-10-19 18:44:02,953 INFO CustomerServiceTest [Test worker] Started CustomerServiceTest in 6.57 seconds (JVM running for 7.782)
2020-10-19 18:46:40,680 INFO CustomerApplication [main] Starting CustomerApplication on hoangnv2 with PID 5972 (Z:\code\mine\customer-service\build\classes\java\main started by Hoang N.V in Z:\code\mine\customer-service)
2020-10-19 18:46:40,682 DEBUG CustomerApplication [main] Running with Spring Boot v2.2.4.RELEASE, Spring v5.2.3.RELEASE
2020-10-19 18:46:40,682 INFO CustomerApplication [main] No active profile set, falling back to default profiles: default
2020-10-19 18:46:44,726 INFO CustomerApplication [main] Started CustomerApplication in 4.272 seconds (JVM running for 4.699)
2020-10-19 18:47:29,891 INFO CustomerApplication [main] Starting CustomerApplication on hoangnv2 with PID 7072 (Z:\code\mine\customer-service\build\classes\java\main started by Hoang N.V in Z:\code\mine\customer-service)
2020-10-19 18:47:29,893 DEBUG CustomerApplication [main] Running with Spring Boot v2.2.4.RELEASE, Spring v5.2.3.RELEASE
2020-10-19 18:47:29,894 INFO CustomerApplication [main] No active profile set, falling back to default profiles: default
2020-10-19 18:47:34,088 INFO CustomerApplication [main] Started CustomerApplication in 4.419 seconds (JVM running for 4.835)
2020-10-19 18:48:14,052 INFO CustomerApplication [main] Starting CustomerApplication on hoangnv2 with PID 15036 (Z:\code\mine\customer-service\build\classes\java\main started by Hoang N.V in Z:\code\mine\customer-service)
2020-10-19 18:48:14,054 DEBUG CustomerApplication [main] Running with Spring Boot v2.2.4.RELEASE, Spring v5.2.3.RELEASE
2020-10-19 18:48:14,055 INFO CustomerApplication [main] No active profile set, falling back to default profiles: default
2020-10-19 18:50:35,251 INFO CustomerApplication [main] Starting CustomerApplication on hoangnv2 with PID 15764 (Z:\code\mine\customer-service\build\classes\java\main started by Hoang N.V in Z:\code\mine\customer-service)
2020-10-19 18:50:35,253 DEBUG CustomerApplication [main] Running with Spring Boot v2.2.4.RELEASE, Spring v5.2.3.RELEASE
2020-10-19 18:50:35,254 INFO CustomerApplication [main] No active profile set, falling back to default profiles: default
2020-10-19 18:51:02,145 INFO CustomerApplication [main] Starting CustomerApplication on hoangnv2 with PID 15208 (Z:\code\mine\customer-service\build\classes\java\main started by Hoang N.V in Z:\code\mine\customer-service)
2020-10-19 18:51:02,147 DEBUG CustomerApplication [main] Running with Spring Boot v2.2.4.RELEASE, Spring v5.2.3.RELEASE
2020-10-19 18:51:02,148 INFO CustomerApplication [main] No active profile set, falling back to default profiles: default
2020-10-19 18:51:06,407 INFO CustomerApplication [main] Started CustomerApplication in 4.481 seconds (JVM running for 4.915)
2020-10-19 18:53:06,431 INFO CustomerApplication [main] Starting CustomerApplication on hoangnv2 with PID 6836 (Z:\code\mine\customer-service\build\classes\java\main started by Hoang N.V in Z:\code\mine\customer-service)
2020-10-19 18:53:06,433 DEBUG CustomerApplication [main] Running with Spring Boot v2.2.4.RELEASE, Spring v5.2.3.RELEASE
2020-10-19 18:53:06,434 INFO CustomerApplication [main] No active profile set, falling back to default profiles: default
2020-10-19 18:53:10,506 INFO CustomerApplication [main] Started CustomerApplication in 4.298 seconds (JVM running for 4.739)
2020-10-19 18:54:04,475 INFO CustomerApplication [main] Starting CustomerApplication on hoangnv2 with PID 15316 (Z:\code\mine\customer-service\build\classes\java\main started by Hoang N.V in Z:\code\mine\customer-service)
2020-10-19 18:54:04,478 DEBUG CustomerApplication [main] Running with Spring Boot v2.2.4.RELEASE, Spring v5.2.3.RELEASE
2020-10-19 18:54:04,478 INFO CustomerApplication [main] No active profile set, falling back to default profiles: default
2020-10-19 18:54:08,420 INFO CustomerApplication [main] Started CustomerApplication in 4.169 seconds (JVM running for 4.595)
2020-10-19 18:54:47,834 INFO CustomerApplication [main] Starting CustomerApplication on hoangnv2 with PID 16016 (Z:\code\mine\customer-service\build\classes\java\main started by Hoang N.V in Z:\code\mine\customer-service)
2020-10-19 18:54:47,836 DEBUG CustomerApplication [main] Running with Spring Boot v2.2.4.RELEASE, Spring v5.2.3.RELEASE
2020-10-19 18:54:47,836 INFO CustomerApplication [main] No active profile set, falling back to default profiles: default
2020-10-19 18:54:51,792 INFO CustomerApplication [main] Started CustomerApplication in 4.182 seconds (JVM running for 4.605)
2020-10-19 18:57:14,945 INFO CustomerApplication [main] Starting CustomerApplication on hoangnv2 with PID 17288 (Z:\code\mine\customer-service\build\classes\java\main started by Hoang N.V in Z:\code\mine\customer-service)
2020-10-19 18:57:14,947 DEBUG CustomerApplication [main] Running with Spring Boot v2.2.4.RELEASE, Spring v5.2.3.RELEASE
2020-10-19 18:57:14,947 INFO CustomerApplication [main] No active profile set, falling back to default profiles: default
2020-10-19 18:57:18,960 INFO CustomerApplication [main] Started CustomerApplication in 4.233 seconds (JVM running for 4.648)
2020-10-19 18:58:17,968 INFO CustomerApplication [main] Starting CustomerApplication on hoangnv2 with PID 4376 (Z:\code\mine\customer-service\build\classes\java\main started by Hoang N.V in Z:\code\mine\customer-service)
2020-10-19 18:58:17,970 DEBUG CustomerApplication [main] Running with Spring Boot v2.2.4.RELEASE, Spring v5.2.3.RELEASE
2020-10-19 18:58:17,970 INFO CustomerApplication [main] No active profile set, falling back to default profiles: default
2020-10-19 18:58:21,904 INFO CustomerApplication [main] Started CustomerApplication in 4.155 seconds (JVM running for 4.58)
2020-10-19 18:58:55,563 INFO CustomerApplication [main] Starting CustomerApplication on hoangnv2 with PID 14964 (Z:\code\mine\customer-service\build\classes\java\main started by Hoang N.V in Z:\code\mine\customer-service)
2020-10-19 18:58:55,565 DEBUG CustomerApplication [main] Running with Spring Boot v2.2.4.RELEASE, Spring v5.2.3.RELEASE
2020-10-19 18:58:55,566 INFO CustomerApplication [main] No active profile set, falling back to default profiles: default
2020-10-19 18:58:59,656 INFO CustomerApplication [main] Started CustomerApplication in 4.322 seconds (JVM running for 4.742)
2020-10-19 19:00:36,292 INFO CustomerApplication [main] Starting CustomerApplication on hoangnv2 with PID 10936 (Z:\code\mine\customer-service\build\classes\java\main started by Hoang N.V in Z:\code\mine\customer-service)
2020-10-19 19:00:36,294 DEBUG CustomerApplication [main] Running with Spring Boot v2.2.4.RELEASE, Spring v5.2.3.RELEASE
2020-10-19 19:00:36,294 INFO CustomerApplication [main] No active profile set, falling back to default profiles: default
2020-10-19 19:00:39,980 INFO CustomerApplication [main] Started CustomerApplication in 3.91 seconds (JVM running for 4.322)
